0 info it worked if it ends with ok
1 verbose cli [ 'node', '/usr/local/bin/npm', 'update', '-g', 'bower' ]
2 info using npm@1.4.28
3 info using node@v0.10.35
4 verbose request where is /bower
5 verbose request registry https://registry.npmjs.org/
6 verbose request id 6901083019be686e
7 verbose url raw /bower
8 verbose url resolving [ 'https://registry.npmjs.org/', './bower' ]
9 verbose url resolved https://registry.npmjs.org/bower
10 verbose request where is https://registry.npmjs.org/bower
11 info trying registry request attempt 1 at 14:23:10
12 verbose etag "AQXE111KUAIDXV6KKCFBKV2J0"
13 http GET https://registry.npmjs.org/bower
14 http 200 https://registry.npmjs.org/bower
15 silly registry.get cb [ 200,
15 silly registry.get   { server: 'CouchDB/1.5.0 (Erlang OTP/R16B03)',
15 silly registry.get     etag: '"6ZWOW31OV5PA4N3XE812O3H69"',
15 silly registry.get     'content-type': 'application/json',
15 silly registry.get     'cache-control': 'max-age=300',
15 silly registry.get     'content-length': '158262',
15 silly registry.get     'accept-ranges': 'bytes',
15 silly registry.get     date: 'Fri, 11 Dec 2015 13:23:10 GMT',
15 silly registry.get     via: '1.1 varnish',
15 silly registry.get     age: '230',
15 silly registry.get     connection: 'keep-alive',
15 silly registry.get     'x-served-by': 'cache-fra1237-FRA',
15 silly registry.get     'x-cache': 'HIT',
15 silly registry.get     'x-cache-hits': '967',
15 silly registry.get     'x-timer': 'S1449840190.599965,VS0,VE0',
15 silly registry.get     vary: 'Accept' } ]
16 info outdated updating [ [ '/usr/local/lib', 'bower', '1.3.12', '1.7.0', '1.7.0', 'latest' ] ]
17 verbose install where,what [ '/usr/local/lib', [ 'bower@1.7.0' ] ]
18 verbose cache add [ 'bower@1.7.0', null ]
19 verbose cache add name=undefined spec="bower@1.7.0" args=["bower@1.7.0",null]
20 verbose parsed url { protocol: null,
20 verbose parsed url   slashes: null,
20 verbose parsed url   auth: null,
20 verbose parsed url   host: null,
20 verbose parsed url   port: null,
20 verbose parsed url   hostname: null,
20 verbose parsed url   hash: null,
20 verbose parsed url   search: null,
20 verbose parsed url   query: null,
20 verbose parsed url   pathname: 'bower@1.7.0',
20 verbose parsed url   path: 'bower@1.7.0',
20 verbose parsed url   href: 'bower@1.7.0' }
21 verbose cache add name="bower" spec="1.7.0" args=["bower","1.7.0"]
22 verbose parsed url { protocol: null,
22 verbose parsed url   slashes: null,
22 verbose parsed url   auth: null,
22 verbose parsed url   host: null,
22 verbose parsed url   port: null,
22 verbose parsed url   hostname: null,
22 verbose parsed url   hash: null,
22 verbose parsed url   search: null,
22 verbose parsed url   query: null,
22 verbose parsed url   pathname: '1.7.0',
22 verbose parsed url   path: '1.7.0',
22 verbose parsed url   href: '1.7.0' }
23 verbose addNamed [ 'bower', '1.7.0' ]
24 verbose addNamed [ '1.7.0', '1.7.0' ]
25 silly lockFile 58cd9bb9-bower-1-7-0 bower@1.7.0
26 verbose lock bower@1.7.0 /Users/denisbeurive/.npm/58cd9bb9-bower-1-7-0.lock
27 verbose registry.get https://registry.npmjs.org/bower not expired, no request
28 silly lockFile 1851f724--npmjs-org-bower-bower-1-7-0-tgz https://registry.npmjs.org/bower/-/bower-1.7.0.tgz
29 verbose lock https://registry.npmjs.org/bower/-/bower-1.7.0.tgz /Users/denisbeurive/.npm/1851f724--npmjs-org-bower-bower-1-7-0-tgz.lock
30 verbose addRemoteTarball [ 'https://registry.npmjs.org/bower/-/bower-1.7.0.tgz',
30 verbose addRemoteTarball   '55c9bf39f5547c02ed5469f67635637128adae29' ]
31 info retry fetch attempt 1 at 14:23:10
32 verbose fetch to= /var/folders/ly/sv6tr3pd639_j4ghn3j0y6nh0000gn/T/npm-38967-wvbEOUhV/registry.npmjs.org/bower/-/bower-1.7.0.tgz
33 http GET https://registry.npmjs.org/bower/-/bower-1.7.0.tgz
34 http 200 https://registry.npmjs.org/bower/-/bower-1.7.0.tgz
35 silly lockFile 1851f724--npmjs-org-bower-bower-1-7-0-tgz https://registry.npmjs.org/bower/-/bower-1.7.0.tgz
36 silly lockFile 1851f724--npmjs-org-bower-bower-1-7-0-tgz https://registry.npmjs.org/bower/-/bower-1.7.0.tgz
37 silly lockFile 58cd9bb9-bower-1-7-0 bower@1.7.0
38 silly lockFile 58cd9bb9-bower-1-7-0 bower@1.7.0
39 error Error: EACCES, mkdir '/Users/denisbeurive/.npm/bower/1.7.0'
39 error  { [Error: EACCES, mkdir '/Users/denisbeurive/.npm/bower/1.7.0']
39 error   errno: 3,
39 error   code: 'EACCES',
39 error   path: '/Users/denisbeurive/.npm/bower/1.7.0' }
40 error Please try running this command again as root/Administrator.
41 error System Darwin 14.3.0
42 error command "node" "/usr/local/bin/npm" "update" "-g" "bower"
43 error cwd /Users/denisbeurive/Desktop/Projets-Entreprise/angular-tools/www
44 error node -v v0.10.35
45 error npm -v 1.4.28
46 error path /Users/denisbeurive/.npm/bower/1.7.0
47 error code EACCES
48 error errno 3
49 error stack Error: EACCES, mkdir '/Users/denisbeurive/.npm/bower/1.7.0'
50 verbose exit [ 3, true ]
